{
  "stats": {
    "suites": 1,
    "tests": 1,
    "passes": 1,
    "pending": 0,
    "failures": 0,
    "start": "2022-04-28T20:41:05.499Z",
    "end": "2022-04-28T20:41:08.507Z",
    "duration": 3008,
    "testsRegistered": 1,
    "passPercent": 100,
    "pendingPercent": 0,
    "other": 0,
    "hasOther": false,
    "skipped": 0,
    "hasSkipped": false
  },
  "results": [
    {
      "uuid": "62da030e-809c-4e47-a17a-98bc821ee823",
      "title": "",
      "fullFile": "cypress/integration/test_2.js",
      "file": "cypress/integration/test_2.js",
      "beforeHooks": [],
      "afterHooks": [],
      "tests": [],
      "suites": [
        {
          "uuid": "5c17b6a1-ac1f-460d-9e1e-feec90176265",
          "title": "test some random stuff",
          "fullFile": "",
          "file": "",
          "beforeHooks": [],
          "afterHooks": [],
          "tests": [
            {
              "title": "goes to google",
              "fullTitle": "test some random stuff goes to google",
              "timedOut": null,
              "duration": 1762,
              "state": "passed",
              "speed": "fast",
              "pass": true,
              "fail": false,
              "pending": false,
              "context": null,
              "code": "cy.visit('www.google.com');",
              "err": {},
              "uuid": "82452f72-efc1-4e1a-a70c-f93dcce79d68",
              "parentUUID": "5c17b6a1-ac1f-460d-9e1e-feec90176265",
              "isHook": false,
              "skipped": false
            }
          ],
          "suites": [],
          "passes": [
            "82452f72-efc1-4e1a-a70c-f93dcce79d68"
          ],
          "failures": [],
          "pending": [],
          "skipped": [],
          "duration": 1762,
          "root": false,
          "rootEmpty": false,
          "_timeout": 2000
        }
      ],
      "passes": [],
      "failures": [],
      "pending": [],
      "skipped": [],
      "duration": 0,
      "root": true,
      "rootEmpty": true,
      "_timeout": 2000
    }
  ],
  "meta": {
    "mocha": {
      "version": "7.0.1"
    },
    "mochawesome": {
      "options": {
        "quiet": true,
        "reportFilename": "mochawesome",
        "saveHtml": false,
        "saveJson": true,
        "consoleReporter": "spec",
        "useInlineDiffs": false,
        "code": true
      },
      "version": "7.1.3"
    },
    "marge": {
      "options": {
        "id": "default",
        "reportDir": "cypress/reports/mocha",
        "quiet": true,
        "overwrite": false,
        "html": false,
        "json": true
      },
      "version": "6.2.0"
    }
  }
}